SF:lib\src\core\store.dart
DA:16,1
DA:28,2
DA:30,2
DA:37,1
DA:38,2
DA:48,1
DA:49,2
DA:50,2
DA:54,1
DA:55,2
DA:59,1
DA:60,2
DA:61,2
DA:73,1
DA:75,1
DA:76,2
DA:77,2
DA:78,2
DA:82,1
DA:85,2
DA:88,0
DA:89,0
DA:92,1
DA:94,0
DA:96,2
DA:97,1
DA:98,1
DA:106,0
LF:28
LH:24
end_of_record
SF:lib\src\core\channel.dart
DA:15,1
DA:19,1
DA:20,2
DA:23,1
DA:24,3
LF:5
LH:5
end_of_record
SF:lib\src\core\action.dart
DA:26,1
DA:27,1
DA:28,1
DA:32,1
DA:33,2
DA:35,2
DA:36,1
DA:37,1
DA:42,1
DA:44,2
DA:45,1
DA:51,2
DA:52,1
LF:13
LH:13
end_of_record
SF:lib\src\flutter\multi_consumer.dart
DA:4,1
DA:8,1
DA:13,1
DA:14,1
DA:20,1
DA:22,3
DA:23,4
DA:25,1
DA:28,1
DA:30,3
DA:31,4
DA:33,1
DA:36,1
DA:37,2
DA:40,1
DA:42,2
DA:47,1
DA:48,2
DA:54,1
DA:55,3
DA:56,1
DA:58,3
DA:59,1
LF:23
LH:23
end_of_record
SF:lib\src\flutter\consumer.dart
DA:15,1
DA:20,1
DA:26,1
DA:27,1
DA:33,1
DA:35,5
DA:36,3
DA:37,1
DA:40,1
DA:41,1
DA:43,2
DA:44,3
DA:45,2
DA:48,1
DA:50,3
DA:51,1
DA:54,1
DA:56,4
LF:18
LH:18
end_of_record
SF:lib\src\flutter\provider.dart
DA:15,1
DA:21,1
DA:27,1
DA:28,1
DA:33,1
DA:35,6
DA:36,1
DA:39,1
DA:41,4
DA:42,4
DA:44,6
DA:46,1
DA:49,1
DA:51,6
DA:52,1
DA:55,1
DA:57,2
LF:17
LH:17
end_of_record
SF:lib\src\ioc.dart
DA:3,1
DA:5,1
DA:6,1
DA:12,1
DA:13,2
DA:14,0
DA:16,3
DA:19,1
DA:20,2
DA:21,2
DA:23,2
DA:24,1
DA:25,0
DA:29,1
DA:31,2
DA:32,2
DA:35,1
DA:36,3
DA:39,1
DA:40,4
LF:20
LH:18
end_of_record
